mode: set
github.com/satriabagusi/campo-sport/internal/usecase/booking_usecase.go:16.87,18.2 1 0
github.com/satriabagusi/campo-sport/internal/usecase/booking_usecase.go:20.68,22.2 1 0
github.com/satriabagusi/campo-sport/internal/usecase/court_usecase.go:22.79,24.2 1 0
github.com/satriabagusi/campo-sport/internal/usecase/court_usecase.go:26.80,28.2 1 0
github.com/satriabagusi/campo-sport/internal/usecase/court_usecase.go:30.84,32.2 1 0
github.com/satriabagusi/campo-sport/internal/usecase/court_usecase.go:34.70,36.2 1 0
github.com/satriabagusi/campo-sport/internal/usecase/court_usecase.go:38.66,40.2 1 0
github.com/satriabagusi/campo-sport/internal/usecase/court_usecase.go:42.79,44.2 1 0
github.com/satriabagusi/campo-sport/internal/usecase/court_usecase.go:46.63,48.2 1 0
github.com/satriabagusi/campo-sport/internal/usecase/user_detail_usecase.go:24.99,26.2 1 0
github.com/satriabagusi/campo-sport/internal/usecase/user_detail_usecase.go:27.102,39.16 7 0
github.com/satriabagusi/campo-sport/internal/usecase/user_detail_usecase.go:39.16,41.3 1 0
github.com/satriabagusi/campo-sport/internal/usecase/user_detail_usecase.go:42.2,42.18 1 0
github.com/satriabagusi/campo-sport/internal/usecase/user_detail_usecase.go:45.77,47.2 1 0
github.com/satriabagusi/campo-sport/internal/usecase/user_usecase.go:31.129,35.2 1 0
github.com/satriabagusi/campo-sport/internal/usecase/user_usecase.go:37.69,39.28 1 0
github.com/satriabagusi/campo-sport/internal/usecase/user_usecase.go:39.28,41.3 1 0
github.com/satriabagusi/campo-sport/internal/usecase/user_usecase.go:43.2,44.16 2 0
github.com/satriabagusi/campo-sport/internal/usecase/user_usecase.go:44.16,46.3 1 0
github.com/satriabagusi/campo-sport/internal/usecase/user_usecase.go:48.2,53.16 3 0
github.com/satriabagusi/campo-sport/internal/usecase/user_usecase.go:53.16,55.3 1 0
github.com/satriabagusi/campo-sport/internal/usecase/user_usecase.go:56.2,60.8 1 0
github.com/satriabagusi/campo-sport/internal/usecase/user_usecase.go:63.91,65.2 1 0
github.com/satriabagusi/campo-sport/internal/usecase/user_usecase.go:66.86,68.2 1 0
github.com/satriabagusi/campo-sport/internal/usecase/user_usecase.go:70.80,72.2 1 0
github.com/satriabagusi/campo-sport/internal/usecase/user_usecase.go:74.108,76.2 1 0
github.com/satriabagusi/campo-sport/internal/usecase/user_usecase.go:78.66,80.2 1 0
github.com/satriabagusi/campo-sport/internal/usecase/user_usecase.go:82.70,84.2 1 0
github.com/satriabagusi/campo-sport/internal/usecase/user_usecase.go:86.85,88.2 1 0
github.com/satriabagusi/campo-sport/internal/usecase/user_usecase.go:90.63,92.2 1 0
github.com/satriabagusi/campo-sport/internal/usecase/user_usecase.go:93.99,95.2 1 0
github.com/satriabagusi/campo-sport/internal/usecase/voucher_usecase.go:22.87,24.2 1 1
github.com/satriabagusi/campo-sport/internal/usecase/voucher_usecase.go:26.90,28.2 1 1
github.com/satriabagusi/campo-sport/internal/usecase/voucher_usecase.go:29.96,31.2 1 0
github.com/satriabagusi/campo-sport/internal/usecase/voucher_usecase.go:32.68,34.2 1 0
github.com/satriabagusi/campo-sport/internal/usecase/voucher_usecase.go:35.75,37.2 1 0
github.com/satriabagusi/campo-sport/internal/usecase/voucher_usecase.go:38.92,40.2 1 0
github.com/satriabagusi/campo-sport/internal/usecase/voucher_usecase.go:42.68,44.2 1 1
github.com/satriabagusi/campo-sport/internal/repository/booking_repository.go:17.57,19.2 1 0
github.com/satriabagusi/campo-sport/internal/repository/booking_repository.go:21.71,25.2 2 0
github.com/satriabagusi/campo-sport/internal/repository/court_repository.go:23.53,25.2 1 1
github.com/satriabagusi/campo-sport/internal/repository/court_repository.go:26.80,28.16 2 1
github.com/satriabagusi/campo-sport/internal/repository/court_repository.go:28.16,30.3 1 1
github.com/satriabagusi/campo-sport/internal/repository/court_repository.go:31.2,35.16 4 0
github.com/satriabagusi/campo-sport/internal/repository/court_repository.go:35.16,37.3 1 0
github.com/satriabagusi/campo-sport/internal/repository/court_repository.go:39.2,48.22 3 0
github.com/satriabagusi/campo-sport/internal/repository/court_repository.go:52.87,54.16 2 0
github.com/satriabagusi/campo-sport/internal/repository/court_repository.go:54.16,56.3 1 0
github.com/satriabagusi/campo-sport/internal/repository/court_repository.go:57.2,60.16 3 0
github.com/satriabagusi/campo-sport/internal/repository/court_repository.go:60.16,62.3 1 0
github.com/satriabagusi/campo-sport/internal/repository/court_repository.go:64.2,70.22 2 0
github.com/satriabagusi/campo-sport/internal/repository/court_repository.go:73.67,75.16 2 0
github.com/satriabagusi/campo-sport/internal/repository/court_repository.go:75.16,77.3 1 0
github.com/satriabagusi/campo-sport/internal/repository/court_repository.go:78.2,81.16 3 0
github.com/satriabagusi/campo-sport/internal/repository/court_repository.go:81.16,83.3 1 0
github.com/satriabagusi/campo-sport/internal/repository/court_repository.go:85.2,85.12 1 0
github.com/satriabagusi/campo-sport/internal/repository/court_repository.go:88.69,91.16 3 0
github.com/satriabagusi/campo-sport/internal/repository/court_repository.go:91.16,93.3 1 0
github.com/satriabagusi/campo-sport/internal/repository/court_repository.go:95.2,98.16 4 0
github.com/satriabagusi/campo-sport/internal/repository/court_repository.go:98.16,100.3 1 0
github.com/satriabagusi/campo-sport/internal/repository/court_repository.go:101.2,101.20 1 0
github.com/satriabagusi/campo-sport/internal/repository/court_repository.go:104.82,107.16 3 0
github.com/satriabagusi/campo-sport/internal/repository/court_repository.go:107.16,109.3 1 0
github.com/satriabagusi/campo-sport/internal/repository/court_repository.go:110.2,114.16 4 0
github.com/satriabagusi/campo-sport/internal/repository/court_repository.go:114.16,116.3 1 0
github.com/satriabagusi/campo-sport/internal/repository/court_repository.go:118.2,118.20 1 0
github.com/satriabagusi/campo-sport/internal/repository/court_repository.go:121.66,125.16 3 1
github.com/satriabagusi/campo-sport/internal/repository/court_repository.go:125.16,127.3 1 0
github.com/satriabagusi/campo-sport/internal/repository/court_repository.go:129.2,131.18 2 1
github.com/satriabagusi/campo-sport/internal/repository/court_repository.go:131.18,134.17 3 1
github.com/satriabagusi/campo-sport/internal/repository/court_repository.go:134.17,136.4 1 0
github.com/satriabagusi/campo-sport/internal/repository/court_repository.go:137.3,137.33 1 1
github.com/satriabagusi/campo-sport/internal/repository/court_repository.go:140.2,140.20 1 1
github.com/satriabagusi/campo-sport/internal/repository/user_detail_repository.go:22.63,24.2 1 0
github.com/satriabagusi/campo-sport/internal/repository/user_detail_repository.go:25.83,32.16 3 0
github.com/satriabagusi/campo-sport/internal/repository/user_detail_repository.go:32.16,34.3 1 0
github.com/satriabagusi/campo-sport/internal/repository/user_detail_repository.go:35.2,35.12 1 0
github.com/satriabagusi/campo-sport/internal/repository/user_detail_repository.go:39.108,41.16 2 0
github.com/satriabagusi/campo-sport/internal/repository/user_detail_repository.go:41.16,43.3 1 0
github.com/satriabagusi/campo-sport/internal/repository/user_detail_repository.go:44.2,47.16 3 0
github.com/satriabagusi/campo-sport/internal/repository/user_detail_repository.go:47.16,49.3 1 0
github.com/satriabagusi/campo-sport/internal/repository/user_detail_repository.go:51.2,51.28 1 0
github.com/satriabagusi/campo-sport/internal/repository/user_detail_repository.go:54.80,58.2 2 0
github.com/satriabagusi/campo-sport/internal/repository/user_repository.go:28.51,30.2 1 1
github.com/satriabagusi/campo-sport/internal/repository/user_repository.go:32.72,34.16 2 1
github.com/satriabagusi/campo-sport/internal/repository/user_repository.go:34.16,36.3 1 1
github.com/satriabagusi/campo-sport/internal/repository/user_repository.go:37.2,40.16 3 0
github.com/satriabagusi/campo-sport/internal/repository/user_repository.go:40.16,42.3 1 0
github.com/satriabagusi/campo-sport/internal/repository/user_repository.go:44.2,50.21 2 0
github.com/satriabagusi/campo-sport/internal/repository/user_repository.go:53.94,60.16 3 0
github.com/satriabagusi/campo-sport/internal/repository/user_repository.go:60.16,62.3 1 0
github.com/satriabagusi/campo-sport/internal/repository/user_repository.go:63.2,67.16 4 0
github.com/satriabagusi/campo-sport/internal/repository/user_repository.go:67.16,69.3 1 0
github.com/satriabagusi/campo-sport/internal/repository/user_repository.go:70.2,70.19 1 0
github.com/satriabagusi/campo-sport/internal/repository/user_repository.go:72.89,77.16 3 0
github.com/satriabagusi/campo-sport/internal/repository/user_repository.go:77.16,79.3 1 0
github.com/satriabagusi/campo-sport/internal/repository/user_repository.go:80.2,84.16 4 0
github.com/satriabagusi/campo-sport/internal/repository/user_repository.go:84.16,86.3 1 0
github.com/satriabagusi/campo-sport/internal/repository/user_repository.go:87.2,87.19 1 0
github.com/satriabagusi/campo-sport/internal/repository/user_repository.go:89.62,91.16 2 0
github.com/satriabagusi/campo-sport/internal/repository/user_repository.go:91.16,93.3 1 0
github.com/satriabagusi/campo-sport/internal/repository/user_repository.go:94.2,97.16 3 0
github.com/satriabagusi/campo-sport/internal/repository/user_repository.go:97.16,99.3 1 0
github.com/satriabagusi/campo-sport/internal/repository/user_repository.go:101.2,101.12 1 0
github.com/satriabagusi/campo-sport/internal/repository/user_repository.go:104.73,109.16 3 0
github.com/satriabagusi/campo-sport/internal/repository/user_repository.go:109.16,111.3 1 0
github.com/satriabagusi/campo-sport/internal/repository/user_repository.go:112.2,116.16 5 0
github.com/satriabagusi/campo-sport/internal/repository/user_repository.go:116.16,118.3 1 0
github.com/satriabagusi/campo-sport/internal/repository/user_repository.go:119.2,119.19 1 0
github.com/satriabagusi/campo-sport/internal/repository/user_repository.go:122.88,126.16 3 0
github.com/satriabagusi/campo-sport/internal/repository/user_repository.go:126.16,128.3 1 0
github.com/satriabagusi/campo-sport/internal/repository/user_repository.go:129.2,132.16 4 0
github.com/satriabagusi/campo-sport/internal/repository/user_repository.go:132.16,134.3 1 0
github.com/satriabagusi/campo-sport/internal/repository/user_repository.go:135.2,135.19 1 0
github.com/satriabagusi/campo-sport/internal/repository/user_repository.go:138.66,141.16 3 1
github.com/satriabagusi/campo-sport/internal/repository/user_repository.go:141.16,143.3 1 0
github.com/satriabagusi/campo-sport/internal/repository/user_repository.go:145.2,147.18 2 1
github.com/satriabagusi/campo-sport/internal/repository/user_repository.go:147.18,150.17 3 1
github.com/satriabagusi/campo-sport/internal/repository/user_repository.go:150.17,152.4 1 0
github.com/satriabagusi/campo-sport/internal/repository/user_repository.go:153.3,153.30 1 1
github.com/satriabagusi/campo-sport/internal/repository/user_repository.go:156.2,156.19 1 1
github.com/satriabagusi/campo-sport/internal/repository/user_repository.go:159.105,161.16 2 0
github.com/satriabagusi/campo-sport/internal/repository/user_repository.go:161.16,163.3 1 0
github.com/satriabagusi/campo-sport/internal/repository/user_repository.go:164.2,167.16 3 0
github.com/satriabagusi/campo-sport/internal/repository/user_repository.go:167.16,169.3 1 0
github.com/satriabagusi/campo-sport/internal/repository/user_repository.go:170.2,170.25 1 0
github.com/satriabagusi/campo-sport/internal/repository/user_repository.go:173.112,175.16 2 0
github.com/satriabagusi/campo-sport/internal/repository/user_repository.go:175.16,177.3 1 0
github.com/satriabagusi/campo-sport/internal/repository/user_repository.go:178.2,181.16 3 0
github.com/satriabagusi/campo-sport/internal/repository/user_repository.go:181.16,183.3 1 0
github.com/satriabagusi/campo-sport/internal/repository/user_repository.go:184.2,184.26 1 0
github.com/satriabagusi/campo-sport/internal/repository/voucher_repository.go:23.57,25.2 1 1
github.com/satriabagusi/campo-sport/internal/repository/voucher_repository.go:26.93,28.16 2 1
github.com/satriabagusi/campo-sport/internal/repository/voucher_repository.go:28.16,30.3 1 0
github.com/satriabagusi/campo-sport/internal/repository/voucher_repository.go:31.2,35.16 4 1
github.com/satriabagusi/campo-sport/internal/repository/voucher_repository.go:35.16,37.3 1 0
github.com/satriabagusi/campo-sport/internal/repository/voucher_repository.go:39.2,40.21 2 1
github.com/satriabagusi/campo-sport/internal/repository/voucher_repository.go:43.99,46.16 2 0
github.com/satriabagusi/campo-sport/internal/repository/voucher_repository.go:46.16,48.3 1 0
github.com/satriabagusi/campo-sport/internal/repository/voucher_repository.go:49.2,52.16 3 0
github.com/satriabagusi/campo-sport/internal/repository/voucher_repository.go:52.16,54.3 1 0
github.com/satriabagusi/campo-sport/internal/repository/voucher_repository.go:55.2,55.21 1 0
github.com/satriabagusi/campo-sport/internal/repository/voucher_repository.go:59.74,61.16 2 0
github.com/satriabagusi/campo-sport/internal/repository/voucher_repository.go:61.16,63.3 1 0
github.com/satriabagusi/campo-sport/internal/repository/voucher_repository.go:64.2,67.16 3 0
github.com/satriabagusi/campo-sport/internal/repository/voucher_repository.go:67.16,69.3 1 0
github.com/satriabagusi/campo-sport/internal/repository/voucher_repository.go:71.2,71.12 1 0
github.com/satriabagusi/campo-sport/internal/repository/voucher_repository.go:73.78,76.16 3 0
github.com/satriabagusi/campo-sport/internal/repository/voucher_repository.go:76.16,78.3 1 0
github.com/satriabagusi/campo-sport/internal/repository/voucher_repository.go:80.2,83.16 4 0
github.com/satriabagusi/campo-sport/internal/repository/voucher_repository.go:83.16,85.3 1 0
github.com/satriabagusi/campo-sport/internal/repository/voucher_repository.go:86.2,86.22 1 0
github.com/satriabagusi/campo-sport/internal/repository/voucher_repository.go:88.92,91.16 3 0
github.com/satriabagusi/campo-sport/internal/repository/voucher_repository.go:91.16,93.3 1 0
github.com/satriabagusi/campo-sport/internal/repository/voucher_repository.go:94.2,98.16 4 0
github.com/satriabagusi/campo-sport/internal/repository/voucher_repository.go:98.16,100.3 1 0
github.com/satriabagusi/campo-sport/internal/repository/voucher_repository.go:102.2,102.22 1 0
github.com/satriabagusi/campo-sport/internal/repository/voucher_repository.go:105.71,108.16 3 1
github.com/satriabagusi/campo-sport/internal/repository/voucher_repository.go:108.16,110.3 1 0
github.com/satriabagusi/campo-sport/internal/repository/voucher_repository.go:112.2,114.18 2 1
github.com/satriabagusi/campo-sport/internal/repository/voucher_repository.go:114.18,117.17 3 1
github.com/satriabagusi/campo-sport/internal/repository/voucher_repository.go:117.17,119.4 1 0
github.com/satriabagusi/campo-sport/internal/repository/voucher_repository.go:120.3,120.39 1 1
github.com/satriabagusi/campo-sport/internal/repository/voucher_repository.go:123.2,123.22 1 1
