mode: set
github.com/satriabagusi/campo-sport/internal/repository/booking_repository.go:28.57,30.2 1 1
github.com/satriabagusi/campo-sport/internal/repository/booking_repository.go:32.71,48.16 5 0
github.com/satriabagusi/campo-sport/internal/repository/booking_repository.go:48.16,50.3 1 0
github.com/satriabagusi/campo-sport/internal/repository/booking_repository.go:52.2,54.18 2 0
github.com/satriabagusi/campo-sport/internal/repository/booking_repository.go:54.18,59.17 5 0
github.com/satriabagusi/campo-sport/internal/repository/booking_repository.go:59.17,61.4 1 0
github.com/satriabagusi/campo-sport/internal/repository/booking_repository.go:62.3,62.39 1 0
github.com/satriabagusi/campo-sport/internal/repository/booking_repository.go:65.2,65.22 1 0
github.com/satriabagusi/campo-sport/internal/repository/booking_repository.go:68.96,78.16 7 1
github.com/satriabagusi/campo-sport/internal/repository/booking_repository.go:78.16,80.3 1 0
github.com/satriabagusi/campo-sport/internal/repository/booking_repository.go:81.2,85.16 3 1
github.com/satriabagusi/campo-sport/internal/repository/booking_repository.go:85.16,87.3 1 1
github.com/satriabagusi/campo-sport/internal/repository/booking_repository.go:88.2,91.16 4 0
github.com/satriabagusi/campo-sport/internal/repository/booking_repository.go:91.16,93.3 1 0
github.com/satriabagusi/campo-sport/internal/repository/booking_repository.go:95.2,101.32 5 0
github.com/satriabagusi/campo-sport/internal/repository/booking_repository.go:101.32,103.17 2 0
github.com/satriabagusi/campo-sport/internal/repository/booking_repository.go:103.17,106.4 2 0
github.com/satriabagusi/campo-sport/internal/repository/booking_repository.go:107.3,110.17 4 0
github.com/satriabagusi/campo-sport/internal/repository/booking_repository.go:110.17,112.4 1 0
github.com/satriabagusi/campo-sport/internal/repository/booking_repository.go:114.3,114.90 1 0
github.com/satriabagusi/campo-sport/internal/repository/booking_repository.go:117.2,117.38 1 0
github.com/satriabagusi/campo-sport/internal/repository/booking_repository.go:117.38,131.3 3 0
github.com/satriabagusi/campo-sport/internal/repository/booking_repository.go:132.2,136.16 3 0
github.com/satriabagusi/campo-sport/internal/repository/booking_repository.go:136.16,141.3 4 0
github.com/satriabagusi/campo-sport/internal/repository/booking_repository.go:143.2,144.16 2 0
github.com/satriabagusi/campo-sport/internal/repository/booking_repository.go:144.16,147.3 1 0
github.com/satriabagusi/campo-sport/internal/repository/booking_repository.go:148.2,151.16 3 0
github.com/satriabagusi/campo-sport/internal/repository/booking_repository.go:151.16,154.3 2 0
github.com/satriabagusi/campo-sport/internal/repository/booking_repository.go:156.2,156.24 1 0
github.com/satriabagusi/campo-sport/internal/repository/booking_repository.go:159.98,178.16 5 0
github.com/satriabagusi/campo-sport/internal/repository/booking_repository.go:178.16,180.3 1 0
github.com/satriabagusi/campo-sport/internal/repository/booking_repository.go:182.2,188.16 6 0
github.com/satriabagusi/campo-sport/internal/repository/booking_repository.go:188.16,190.3 1 0
github.com/satriabagusi/campo-sport/internal/repository/booking_repository.go:192.2,192.22 1 0
github.com/satriabagusi/campo-sport/internal/repository/booking_repository.go:195.101,200.16 3 0
github.com/satriabagusi/campo-sport/internal/repository/booking_repository.go:200.16,202.3 1 0
github.com/satriabagusi/campo-sport/internal/repository/booking_repository.go:204.2,212.27 8 0
github.com/satriabagusi/campo-sport/internal/repository/booking_repository.go:212.27,213.52 1 0
github.com/satriabagusi/campo-sport/internal/repository/booking_repository.go:213.52,215.18 2 0
github.com/satriabagusi/campo-sport/internal/repository/booking_repository.go:215.18,218.5 2 0
github.com/satriabagusi/campo-sport/internal/repository/booking_repository.go:219.4,222.18 4 0
github.com/satriabagusi/campo-sport/internal/repository/booking_repository.go:222.18,225.5 2 0
github.com/satriabagusi/campo-sport/internal/repository/booking_repository.go:227.4,228.18 2 0
github.com/satriabagusi/campo-sport/internal/repository/booking_repository.go:228.18,231.5 1 0
github.com/satriabagusi/campo-sport/internal/repository/booking_repository.go:232.4,235.18 3 0
github.com/satriabagusi/campo-sport/internal/repository/booking_repository.go:235.18,238.5 2 0
github.com/satriabagusi/campo-sport/internal/repository/booking_repository.go:239.9,239.62 1 0
github.com/satriabagusi/campo-sport/internal/repository/booking_repository.go:239.62,242.18 3 0
github.com/satriabagusi/campo-sport/internal/repository/booking_repository.go:242.18,245.5 2 0
github.com/satriabagusi/campo-sport/internal/repository/booking_repository.go:246.4,249.18 4 0
github.com/satriabagusi/campo-sport/internal/repository/booking_repository.go:249.18,252.5 2 0
github.com/satriabagusi/campo-sport/internal/repository/booking_repository.go:254.4,255.18 2 0
github.com/satriabagusi/campo-sport/internal/repository/booking_repository.go:255.18,257.5 1 0
github.com/satriabagusi/campo-sport/internal/repository/booking_repository.go:258.4,263.18 4 0
github.com/satriabagusi/campo-sport/internal/repository/booking_repository.go:263.18,266.5 2 0
github.com/satriabagusi/campo-sport/internal/repository/booking_repository.go:267.9,267.106 1 0
github.com/satriabagusi/campo-sport/internal/repository/booking_repository.go:267.106,269.18 2 0
github.com/satriabagusi/campo-sport/internal/repository/booking_repository.go:269.18,272.5 2 0
github.com/satriabagusi/campo-sport/internal/repository/booking_repository.go:273.4,276.18 4 0
github.com/satriabagusi/campo-sport/internal/repository/booking_repository.go:276.18,279.5 2 0
github.com/satriabagusi/campo-sport/internal/repository/booking_repository.go:281.4,282.18 2 0
github.com/satriabagusi/campo-sport/internal/repository/booking_repository.go:282.18,284.5 1 0
github.com/satriabagusi/campo-sport/internal/repository/booking_repository.go:285.4,288.18 3 0
github.com/satriabagusi/campo-sport/internal/repository/booking_repository.go:288.18,291.5 2 0
github.com/satriabagusi/campo-sport/internal/repository/booking_repository.go:295.2,295.22 1 0
github.com/satriabagusi/campo-sport/internal/repository/booking_repository.go:298.88,317.16 5 0
github.com/satriabagusi/campo-sport/internal/repository/booking_repository.go:317.16,319.3 1 0
github.com/satriabagusi/campo-sport/internal/repository/booking_repository.go:321.2,327.16 6 0
github.com/satriabagusi/campo-sport/internal/repository/booking_repository.go:327.16,330.3 2 0
github.com/satriabagusi/campo-sport/internal/repository/booking_repository.go:332.2,332.62 1 0
github.com/satriabagusi/campo-sport/internal/repository/booking_repository.go:332.62,336.17 3 0
github.com/satriabagusi/campo-sport/internal/repository/booking_repository.go:336.17,339.4 2 0
github.com/satriabagusi/campo-sport/internal/repository/booking_repository.go:341.3,349.76 8 0
github.com/satriabagusi/campo-sport/internal/repository/booking_repository.go:349.76,353.18 3 0
github.com/satriabagusi/campo-sport/internal/repository/booking_repository.go:353.18,356.5 2 0
github.com/satriabagusi/campo-sport/internal/repository/booking_repository.go:357.4,360.18 4 0
github.com/satriabagusi/campo-sport/internal/repository/booking_repository.go:360.18,363.5 2 0
github.com/satriabagusi/campo-sport/internal/repository/booking_repository.go:365.4,366.18 2 0
github.com/satriabagusi/campo-sport/internal/repository/booking_repository.go:366.18,368.5 1 0
github.com/satriabagusi/campo-sport/internal/repository/booking_repository.go:369.4,372.18 3 0
github.com/satriabagusi/campo-sport/internal/repository/booking_repository.go:372.18,375.5 2 0
github.com/satriabagusi/campo-sport/internal/repository/booking_repository.go:377.8,379.3 1 0
github.com/satriabagusi/campo-sport/internal/repository/booking_repository.go:381.2,381.22 1 0
github.com/satriabagusi/campo-sport/internal/repository/court_repository.go:23.53,25.2 1 1
github.com/satriabagusi/campo-sport/internal/repository/court_repository.go:26.80,28.16 2 1
github.com/satriabagusi/campo-sport/internal/repository/court_repository.go:28.16,30.3 1 1
github.com/satriabagusi/campo-sport/internal/repository/court_repository.go:31.2,35.16 4 0
github.com/satriabagusi/campo-sport/internal/repository/court_repository.go:35.16,37.3 1 0
github.com/satriabagusi/campo-sport/internal/repository/court_repository.go:39.2,48.22 3 0
github.com/satriabagusi/campo-sport/internal/repository/court_repository.go:52.87,54.16 2 0
github.com/satriabagusi/campo-sport/internal/repository/court_repository.go:54.16,56.3 1 0
github.com/satriabagusi/campo-sport/internal/repository/court_repository.go:57.2,60.16 3 0
github.com/satriabagusi/campo-sport/internal/repository/court_repository.go:60.16,62.3 1 0
github.com/satriabagusi/campo-sport/internal/repository/court_repository.go:64.2,70.22 2 0
github.com/satriabagusi/campo-sport/internal/repository/court_repository.go:73.67,75.16 2 0
github.com/satriabagusi/campo-sport/internal/repository/court_repository.go:75.16,77.3 1 0
github.com/satriabagusi/campo-sport/internal/repository/court_repository.go:78.2,81.16 3 0
github.com/satriabagusi/campo-sport/internal/repository/court_repository.go:81.16,83.3 1 0
github.com/satriabagusi/campo-sport/internal/repository/court_repository.go:85.2,85.12 1 0
github.com/satriabagusi/campo-sport/internal/repository/court_repository.go:88.69,91.16 3 0
github.com/satriabagusi/campo-sport/internal/repository/court_repository.go:91.16,93.3 1 0
github.com/satriabagusi/campo-sport/internal/repository/court_repository.go:95.2,98.16 4 0
github.com/satriabagusi/campo-sport/internal/repository/court_repository.go:98.16,100.3 1 0
github.com/satriabagusi/campo-sport/internal/repository/court_repository.go:101.2,101.20 1 0
github.com/satriabagusi/campo-sport/internal/repository/court_repository.go:104.82,107.16 3 0
github.com/satriabagusi/campo-sport/internal/repository/court_repository.go:107.16,109.3 1 0
github.com/satriabagusi/campo-sport/internal/repository/court_repository.go:110.2,114.16 4 0
github.com/satriabagusi/campo-sport/internal/repository/court_repository.go:114.16,116.3 1 0
github.com/satriabagusi/campo-sport/internal/repository/court_repository.go:118.2,118.20 1 0
github.com/satriabagusi/campo-sport/internal/repository/court_repository.go:121.66,125.16 3 1
github.com/satriabagusi/campo-sport/internal/repository/court_repository.go:125.16,127.3 1 0
github.com/satriabagusi/campo-sport/internal/repository/court_repository.go:129.2,131.18 2 1
github.com/satriabagusi/campo-sport/internal/repository/court_repository.go:131.18,134.17 3 1
github.com/satriabagusi/campo-sport/internal/repository/court_repository.go:134.17,136.4 1 0
github.com/satriabagusi/campo-sport/internal/repository/court_repository.go:137.3,137.33 1 1
github.com/satriabagusi/campo-sport/internal/repository/court_repository.go:140.2,140.20 1 1
github.com/satriabagusi/campo-sport/internal/repository/user_detail_repository.go:22.63,24.2 1 0
github.com/satriabagusi/campo-sport/internal/repository/user_detail_repository.go:25.83,32.16 3 0
github.com/satriabagusi/campo-sport/internal/repository/user_detail_repository.go:32.16,34.3 1 0
github.com/satriabagusi/campo-sport/internal/repository/user_detail_repository.go:35.2,35.12 1 0
github.com/satriabagusi/campo-sport/internal/repository/user_detail_repository.go:39.108,41.16 2 0
github.com/satriabagusi/campo-sport/internal/repository/user_detail_repository.go:41.16,43.3 1 0
github.com/satriabagusi/campo-sport/internal/repository/user_detail_repository.go:44.2,47.16 3 0
github.com/satriabagusi/campo-sport/internal/repository/user_detail_repository.go:47.16,49.3 1 0
github.com/satriabagusi/campo-sport/internal/repository/user_detail_repository.go:51.2,51.28 1 0
github.com/satriabagusi/campo-sport/internal/repository/user_detail_repository.go:54.80,58.2 2 0
github.com/satriabagusi/campo-sport/internal/repository/user_repository.go:30.51,32.2 1 1
github.com/satriabagusi/campo-sport/internal/repository/user_repository.go:34.72,36.16 2 1
github.com/satriabagusi/campo-sport/internal/repository/user_repository.go:36.16,38.3 1 1
github.com/satriabagusi/campo-sport/internal/repository/user_repository.go:39.2,42.16 3 0
github.com/satriabagusi/campo-sport/internal/repository/user_repository.go:42.16,44.3 1 0
github.com/satriabagusi/campo-sport/internal/repository/user_repository.go:46.2,52.21 2 0
github.com/satriabagusi/campo-sport/internal/repository/user_repository.go:55.94,61.16 3 0
github.com/satriabagusi/campo-sport/internal/repository/user_repository.go:61.16,63.3 1 0
github.com/satriabagusi/campo-sport/internal/repository/user_repository.go:64.2,68.16 4 0
github.com/satriabagusi/campo-sport/internal/repository/user_repository.go:68.16,70.3 1 0
github.com/satriabagusi/campo-sport/internal/repository/user_repository.go:71.2,71.19 1 0
github.com/satriabagusi/campo-sport/internal/repository/user_repository.go:73.89,78.16 3 0
github.com/satriabagusi/campo-sport/internal/repository/user_repository.go:78.16,80.3 1 0
github.com/satriabagusi/campo-sport/internal/repository/user_repository.go:81.2,85.16 4 0
github.com/satriabagusi/campo-sport/internal/repository/user_repository.go:85.16,87.3 1 0
github.com/satriabagusi/campo-sport/internal/repository/user_repository.go:88.2,88.19 1 0
github.com/satriabagusi/campo-sport/internal/repository/user_repository.go:90.62,92.16 2 0
github.com/satriabagusi/campo-sport/internal/repository/user_repository.go:92.16,94.3 1 0
github.com/satriabagusi/campo-sport/internal/repository/user_repository.go:95.2,98.16 3 0
github.com/satriabagusi/campo-sport/internal/repository/user_repository.go:98.16,100.3 1 0
github.com/satriabagusi/campo-sport/internal/repository/user_repository.go:102.2,102.12 1 0
github.com/satriabagusi/campo-sport/internal/repository/user_repository.go:105.73,110.16 3 0
github.com/satriabagusi/campo-sport/internal/repository/user_repository.go:110.16,112.3 1 0
github.com/satriabagusi/campo-sport/internal/repository/user_repository.go:113.2,117.16 5 0
github.com/satriabagusi/campo-sport/internal/repository/user_repository.go:117.16,119.3 1 0
github.com/satriabagusi/campo-sport/internal/repository/user_repository.go:120.2,120.19 1 0
github.com/satriabagusi/campo-sport/internal/repository/user_repository.go:123.88,127.16 3 0
github.com/satriabagusi/campo-sport/internal/repository/user_repository.go:127.16,129.3 1 0
github.com/satriabagusi/campo-sport/internal/repository/user_repository.go:130.2,133.16 4 0
github.com/satriabagusi/campo-sport/internal/repository/user_repository.go:133.16,135.3 1 0
github.com/satriabagusi/campo-sport/internal/repository/user_repository.go:136.2,136.19 1 0
github.com/satriabagusi/campo-sport/internal/repository/user_repository.go:139.66,142.16 3 1
github.com/satriabagusi/campo-sport/internal/repository/user_repository.go:142.16,144.3 1 0
github.com/satriabagusi/campo-sport/internal/repository/user_repository.go:146.2,148.18 2 1
github.com/satriabagusi/campo-sport/internal/repository/user_repository.go:148.18,151.17 3 1
github.com/satriabagusi/campo-sport/internal/repository/user_repository.go:151.17,153.4 1 0
github.com/satriabagusi/campo-sport/internal/repository/user_repository.go:154.3,154.30 1 1
github.com/satriabagusi/campo-sport/internal/repository/user_repository.go:157.2,157.19 1 1
github.com/satriabagusi/campo-sport/internal/repository/user_repository.go:160.76,166.16 3 0
github.com/satriabagusi/campo-sport/internal/repository/user_repository.go:166.16,168.3 1 0
github.com/satriabagusi/campo-sport/internal/repository/user_repository.go:170.2,172.18 2 0
github.com/satriabagusi/campo-sport/internal/repository/user_repository.go:172.18,175.17 3 0
github.com/satriabagusi/campo-sport/internal/repository/user_repository.go:175.17,177.4 1 0
github.com/satriabagusi/campo-sport/internal/repository/user_repository.go:178.3,178.30 1 0
github.com/satriabagusi/campo-sport/internal/repository/user_repository.go:181.2,181.19 1 0
github.com/satriabagusi/campo-sport/internal/repository/user_repository.go:184.105,186.16 2 0
github.com/satriabagusi/campo-sport/internal/repository/user_repository.go:186.16,188.3 1 0
github.com/satriabagusi/campo-sport/internal/repository/user_repository.go:189.2,192.16 3 0
github.com/satriabagusi/campo-sport/internal/repository/user_repository.go:192.16,194.3 1 0
github.com/satriabagusi/campo-sport/internal/repository/user_repository.go:195.2,195.25 1 0
github.com/satriabagusi/campo-sport/internal/repository/user_repository.go:198.112,200.16 2 0
github.com/satriabagusi/campo-sport/internal/repository/user_repository.go:200.16,202.3 1 0
github.com/satriabagusi/campo-sport/internal/repository/user_repository.go:203.2,206.16 3 0
github.com/satriabagusi/campo-sport/internal/repository/user_repository.go:206.16,208.3 1 0
github.com/satriabagusi/campo-sport/internal/repository/user_repository.go:209.2,209.26 1 0
github.com/satriabagusi/campo-sport/internal/repository/user_repository.go:212.77,217.16 3 0
github.com/satriabagusi/campo-sport/internal/repository/user_repository.go:217.16,219.3 1 0
github.com/satriabagusi/campo-sport/internal/repository/user_repository.go:220.2,224.16 5 0
github.com/satriabagusi/campo-sport/internal/repository/user_repository.go:224.16,226.3 1 0
github.com/satriabagusi/campo-sport/internal/repository/user_repository.go:227.2,227.18 1 0
github.com/satriabagusi/campo-sport/internal/repository/user_top_up_repository.go:33.61,35.2 1 0
github.com/satriabagusi/campo-sport/internal/repository/user_top_up_repository.go:37.99,46.16 4 0
github.com/satriabagusi/campo-sport/internal/repository/user_top_up_repository.go:46.16,48.3 1 0
github.com/satriabagusi/campo-sport/internal/repository/user_top_up_repository.go:49.2,56.30 5 0
github.com/satriabagusi/campo-sport/internal/repository/user_top_up_repository.go:56.30,59.3 2 0
github.com/satriabagusi/campo-sport/internal/repository/user_top_up_repository.go:61.2,63.34 2 0
github.com/satriabagusi/campo-sport/internal/repository/user_top_up_repository.go:63.34,67.3 3 0
github.com/satriabagusi/campo-sport/internal/repository/user_top_up_repository.go:69.2,71.21 2 0
github.com/satriabagusi/campo-sport/internal/repository/user_top_up_repository.go:71.21,74.3 2 0
github.com/satriabagusi/campo-sport/internal/repository/user_top_up_repository.go:76.2,76.38 1 0
github.com/satriabagusi/campo-sport/internal/repository/user_top_up_repository.go:76.38,94.17 5 0
github.com/satriabagusi/campo-sport/internal/repository/user_top_up_repository.go:94.17,97.4 2 0
github.com/satriabagusi/campo-sport/internal/repository/user_top_up_repository.go:100.2,100.22 1 0
github.com/satriabagusi/campo-sport/internal/repository/user_top_up_repository.go:103.92,114.16 4 0
github.com/satriabagusi/campo-sport/internal/repository/user_top_up_repository.go:114.16,116.3 1 0
github.com/satriabagusi/campo-sport/internal/repository/user_top_up_repository.go:117.2,120.16 4 0
github.com/satriabagusi/campo-sport/internal/repository/user_top_up_repository.go:120.16,123.3 2 0
github.com/satriabagusi/campo-sport/internal/repository/user_top_up_repository.go:125.2,126.17 2 0
github.com/satriabagusi/campo-sport/internal/repository/user_top_up_repository.go:126.17,129.3 2 0
github.com/satriabagusi/campo-sport/internal/repository/user_top_up_repository.go:131.2,131.27 1 0
github.com/satriabagusi/campo-sport/internal/repository/user_top_up_repository.go:131.27,141.55 9 0
github.com/satriabagusi/campo-sport/internal/repository/user_top_up_repository.go:141.55,148.29 4 0
github.com/satriabagusi/campo-sport/internal/repository/user_top_up_repository.go:148.29,151.5 2 0
github.com/satriabagusi/campo-sport/internal/repository/user_top_up_repository.go:153.4,156.43 3 0
github.com/satriabagusi/campo-sport/internal/repository/user_top_up_repository.go:156.43,158.5 1 0
github.com/satriabagusi/campo-sport/internal/repository/user_top_up_repository.go:158.10,160.5 1 0
github.com/satriabagusi/campo-sport/internal/repository/user_top_up_repository.go:162.4,166.18 4 0
github.com/satriabagusi/campo-sport/internal/repository/user_top_up_repository.go:166.18,168.5 1 0
github.com/satriabagusi/campo-sport/internal/repository/user_top_up_repository.go:169.4,173.18 3 0
github.com/satriabagusi/campo-sport/internal/repository/user_top_up_repository.go:173.18,176.5 2 0
github.com/satriabagusi/campo-sport/internal/repository/user_top_up_repository.go:178.4,180.18 3 0
github.com/satriabagusi/campo-sport/internal/repository/user_top_up_repository.go:180.18,183.5 2 0
github.com/satriabagusi/campo-sport/internal/repository/user_top_up_repository.go:184.4,187.18 4 0
github.com/satriabagusi/campo-sport/internal/repository/user_top_up_repository.go:187.18,190.5 2 0
github.com/satriabagusi/campo-sport/internal/repository/user_top_up_repository.go:192.4,193.18 2 0
github.com/satriabagusi/campo-sport/internal/repository/user_top_up_repository.go:193.18,195.5 1 0
github.com/satriabagusi/campo-sport/internal/repository/user_top_up_repository.go:196.4,201.18 4 0
github.com/satriabagusi/campo-sport/internal/repository/user_top_up_repository.go:201.18,204.5 2 0
github.com/satriabagusi/campo-sport/internal/repository/user_top_up_repository.go:206.9,206.106 1 0
github.com/satriabagusi/campo-sport/internal/repository/user_top_up_repository.go:206.106,209.18 3 0
github.com/satriabagusi/campo-sport/internal/repository/user_top_up_repository.go:209.18,212.5 2 0
github.com/satriabagusi/campo-sport/internal/repository/user_top_up_repository.go:213.4,216.18 4 0
github.com/satriabagusi/campo-sport/internal/repository/user_top_up_repository.go:216.18,219.5 2 0
github.com/satriabagusi/campo-sport/internal/repository/user_top_up_repository.go:221.4,222.18 2 0
github.com/satriabagusi/campo-sport/internal/repository/user_top_up_repository.go:222.18,224.5 1 0
github.com/satriabagusi/campo-sport/internal/repository/user_top_up_repository.go:225.4,228.18 3 0
github.com/satriabagusi/campo-sport/internal/repository/user_top_up_repository.go:228.18,231.5 2 0
github.com/satriabagusi/campo-sport/internal/repository/user_top_up_repository.go:235.2,235.25 1 0
github.com/satriabagusi/campo-sport/internal/repository/user_top_up_repository.go:238.107,240.2 1 0
github.com/satriabagusi/campo-sport/internal/repository/voucher_repository.go:23.57,25.2 1 1
github.com/satriabagusi/campo-sport/internal/repository/voucher_repository.go:26.93,28.16 2 1
github.com/satriabagusi/campo-sport/internal/repository/voucher_repository.go:28.16,30.3 1 0
github.com/satriabagusi/campo-sport/internal/repository/voucher_repository.go:31.2,35.16 4 1
github.com/satriabagusi/campo-sport/internal/repository/voucher_repository.go:35.16,37.3 1 0
github.com/satriabagusi/campo-sport/internal/repository/voucher_repository.go:39.2,40.21 2 1
github.com/satriabagusi/campo-sport/internal/repository/voucher_repository.go:43.99,46.16 2 0
github.com/satriabagusi/campo-sport/internal/repository/voucher_repository.go:46.16,48.3 1 0
github.com/satriabagusi/campo-sport/internal/repository/voucher_repository.go:49.2,52.16 3 0
github.com/satriabagusi/campo-sport/internal/repository/voucher_repository.go:52.16,54.3 1 0
github.com/satriabagusi/campo-sport/internal/repository/voucher_repository.go:55.2,55.21 1 0
github.com/satriabagusi/campo-sport/internal/repository/voucher_repository.go:59.74,61.16 2 0
github.com/satriabagusi/campo-sport/internal/repository/voucher_repository.go:61.16,63.3 1 0
github.com/satriabagusi/campo-sport/internal/repository/voucher_repository.go:64.2,67.16 3 0
github.com/satriabagusi/campo-sport/internal/repository/voucher_repository.go:67.16,69.3 1 0
github.com/satriabagusi/campo-sport/internal/repository/voucher_repository.go:71.2,71.12 1 0
github.com/satriabagusi/campo-sport/internal/repository/voucher_repository.go:73.78,76.16 3 0
github.com/satriabagusi/campo-sport/internal/repository/voucher_repository.go:76.16,78.3 1 0
github.com/satriabagusi/campo-sport/internal/repository/voucher_repository.go:80.2,83.16 4 0
github.com/satriabagusi/campo-sport/internal/repository/voucher_repository.go:83.16,85.3 1 0
github.com/satriabagusi/campo-sport/internal/repository/voucher_repository.go:86.2,86.22 1 0
github.com/satriabagusi/campo-sport/internal/repository/voucher_repository.go:88.92,91.16 3 0
github.com/satriabagusi/campo-sport/internal/repository/voucher_repository.go:91.16,93.3 1 0
github.com/satriabagusi/campo-sport/internal/repository/voucher_repository.go:94.2,98.16 4 0
github.com/satriabagusi/campo-sport/internal/repository/voucher_repository.go:98.16,100.3 1 0
github.com/satriabagusi/campo-sport/internal/repository/voucher_repository.go:102.2,102.22 1 0
github.com/satriabagusi/campo-sport/internal/repository/voucher_repository.go:105.71,108.16 3 1
github.com/satriabagusi/campo-sport/internal/repository/voucher_repository.go:108.16,110.3 1 0
github.com/satriabagusi/campo-sport/internal/repository/voucher_repository.go:112.2,114.18 2 1
github.com/satriabagusi/campo-sport/internal/repository/voucher_repository.go:114.18,117.17 3 1
github.com/satriabagusi/campo-sport/internal/repository/voucher_repository.go:117.17,119.4 1 0
github.com/satriabagusi/campo-sport/internal/repository/voucher_repository.go:120.3,120.39 1 1
github.com/satriabagusi/campo-sport/internal/repository/voucher_repository.go:123.2,123.22 1 1
github.com/satriabagusi/campo-sport/internal/usecase/booking_usecase.go:22.87,24.2 1 0
github.com/satriabagusi/campo-sport/internal/usecase/booking_usecase.go:26.68,28.2 1 0
github.com/satriabagusi/campo-sport/internal/usecase/booking_usecase.go:30.93,31.30 1 0
github.com/satriabagusi/campo-sport/internal/usecase/booking_usecase.go:31.30,33.3 1 0
github.com/satriabagusi/campo-sport/internal/usecase/booking_usecase.go:35.2,35.54 1 0
github.com/satriabagusi/campo-sport/internal/usecase/booking_usecase.go:38.97,40.2 1 0
github.com/satriabagusi/campo-sport/internal/usecase/booking_usecase.go:42.98,44.2 1 0
github.com/satriabagusi/campo-sport/internal/usecase/booking_usecase.go:46.85,48.2 1 0
github.com/satriabagusi/campo-sport/internal/usecase/court_usecase.go:24.109,26.2 1 0
github.com/satriabagusi/campo-sport/internal/usecase/court_usecase.go:28.80,30.16 2 0
github.com/satriabagusi/campo-sport/internal/usecase/court_usecase.go:30.16,32.3 1 0
github.com/satriabagusi/campo-sport/internal/usecase/court_usecase.go:33.2,33.48 1 0
github.com/satriabagusi/campo-sport/internal/usecase/court_usecase.go:36.84,38.16 2 0
github.com/satriabagusi/campo-sport/internal/usecase/court_usecase.go:38.16,40.3 1 0
github.com/satriabagusi/campo-sport/internal/usecase/court_usecase.go:41.2,41.52 1 0
github.com/satriabagusi/campo-sport/internal/usecase/court_usecase.go:44.70,46.2 1 0
github.com/satriabagusi/campo-sport/internal/usecase/court_usecase.go:48.66,50.2 1 0
github.com/satriabagusi/campo-sport/internal/usecase/court_usecase.go:52.79,54.2 1 0
github.com/satriabagusi/campo-sport/internal/usecase/court_usecase.go:56.63,58.2 1 0
github.com/satriabagusi/campo-sport/internal/usecase/user_detail_usecase.go:24.99,26.2 1 0
github.com/satriabagusi/campo-sport/internal/usecase/user_detail_usecase.go:27.102,39.16 7 0
github.com/satriabagusi/campo-sport/internal/usecase/user_detail_usecase.go:39.16,41.3 1 0
github.com/satriabagusi/campo-sport/internal/usecase/user_detail_usecase.go:42.2,42.18 1 0
github.com/satriabagusi/campo-sport/internal/usecase/user_detail_usecase.go:45.77,47.2 1 0
github.com/satriabagusi/campo-sport/internal/usecase/user_top_up_usecase.go:27.96,28.26 1 0
github.com/satriabagusi/campo-sport/internal/usecase/user_top_up_usecase.go:28.26,30.3 1 0
github.com/satriabagusi/campo-sport/internal/usecase/user_top_up_usecase.go:32.2,32.47 1 0
github.com/satriabagusi/campo-sport/internal/usecase/user_top_up_usecase.go:35.89,37.2 1 0
github.com/satriabagusi/campo-sport/internal/usecase/user_top_up_usecase.go:39.85,41.2 1 0
github.com/satriabagusi/campo-sport/internal/usecase/user_usecase.go:35.159,40.2 1 0
github.com/satriabagusi/campo-sport/internal/usecase/user_usecase.go:42.69,44.28 1 0
github.com/satriabagusi/campo-sport/internal/usecase/user_usecase.go:44.28,46.3 1 0
github.com/satriabagusi/campo-sport/internal/usecase/user_usecase.go:48.2,49.16 2 0
github.com/satriabagusi/campo-sport/internal/usecase/user_usecase.go:49.16,51.3 1 0
github.com/satriabagusi/campo-sport/internal/usecase/user_usecase.go:53.2,54.16 2 0
github.com/satriabagusi/campo-sport/internal/usecase/user_usecase.go:54.16,56.3 1 0
github.com/satriabagusi/campo-sport/internal/usecase/user_usecase.go:58.2,63.16 3 0
github.com/satriabagusi/campo-sport/internal/usecase/user_usecase.go:63.16,65.3 1 0
github.com/satriabagusi/campo-sport/internal/usecase/user_usecase.go:66.2,70.8 1 0
github.com/satriabagusi/campo-sport/internal/usecase/user_usecase.go:73.91,75.2 1 0
github.com/satriabagusi/campo-sport/internal/usecase/user_usecase.go:76.86,78.2 1 0
github.com/satriabagusi/campo-sport/internal/usecase/user_usecase.go:80.80,82.16 2 0
github.com/satriabagusi/campo-sport/internal/usecase/user_usecase.go:82.16,84.3 1 0
github.com/satriabagusi/campo-sport/internal/usecase/user_usecase.go:85.2,85.59 1 0
github.com/satriabagusi/campo-sport/internal/usecase/user_usecase.go:88.108,90.16 2 0
github.com/satriabagusi/campo-sport/internal/usecase/user_usecase.go:90.16,92.3 1 0
github.com/satriabagusi/campo-sport/internal/usecase/user_usecase.go:93.2,93.55 1 0
github.com/satriabagusi/campo-sport/internal/usecase/user_usecase.go:96.66,98.2 1 0
github.com/satriabagusi/campo-sport/internal/usecase/user_usecase.go:100.70,102.2 1 0
github.com/satriabagusi/campo-sport/internal/usecase/user_usecase.go:104.85,106.2 1 0
github.com/satriabagusi/campo-sport/internal/usecase/user_usecase.go:108.63,110.2 1 0
github.com/satriabagusi/campo-sport/internal/usecase/user_usecase.go:112.73,114.2 1 0
github.com/satriabagusi/campo-sport/internal/usecase/user_usecase.go:116.99,118.16 2 0
github.com/satriabagusi/campo-sport/internal/usecase/user_usecase.go:118.16,120.3 1 0
github.com/satriabagusi/campo-sport/internal/usecase/user_usecase.go:121.2,121.50 1 0
github.com/satriabagusi/campo-sport/internal/usecase/user_usecase.go:128.74,130.2 1 0
github.com/satriabagusi/campo-sport/internal/usecase/voucher_usecase.go:24.117,26.2 1 0
github.com/satriabagusi/campo-sport/internal/usecase/voucher_usecase.go:28.90,30.16 2 0
github.com/satriabagusi/campo-sport/internal/usecase/voucher_usecase.go:30.16,32.3 1 0
github.com/satriabagusi/campo-sport/internal/usecase/voucher_usecase.go:33.2,33.51 1 0
github.com/satriabagusi/campo-sport/internal/usecase/voucher_usecase.go:35.96,37.16 2 0
github.com/satriabagusi/campo-sport/internal/usecase/voucher_usecase.go:37.16,39.3 1 0
github.com/satriabagusi/campo-sport/internal/usecase/voucher_usecase.go:40.2,40.51 1 0
github.com/satriabagusi/campo-sport/internal/usecase/voucher_usecase.go:42.68,44.2 1 0
github.com/satriabagusi/campo-sport/internal/usecase/voucher_usecase.go:45.75,47.2 1 0
github.com/satriabagusi/campo-sport/internal/usecase/voucher_usecase.go:48.92,50.2 1 0
github.com/satriabagusi/campo-sport/internal/usecase/voucher_usecase.go:52.68,54.2 1 0
