mode: set
github.com/satriabagusi/campo-sport/internal/repository/booking_repository.go:28.57,30.2 1 0
github.com/satriabagusi/campo-sport/internal/repository/booking_repository.go:32.71,48.16 5 0
github.com/satriabagusi/campo-sport/internal/repository/booking_repository.go:48.16,50.3 1 0
github.com/satriabagusi/campo-sport/internal/repository/booking_repository.go:52.2,54.18 2 0
github.com/satriabagusi/campo-sport/internal/repository/booking_repository.go:54.18,59.17 5 0
github.com/satriabagusi/campo-sport/internal/repository/booking_repository.go:59.17,61.4 1 0
github.com/satriabagusi/campo-sport/internal/repository/booking_repository.go:62.3,62.39 1 0
github.com/satriabagusi/campo-sport/internal/repository/booking_repository.go:65.2,65.22 1 0
github.com/satriabagusi/campo-sport/internal/repository/booking_repository.go:68.96,78.16 7 0
github.com/satriabagusi/campo-sport/internal/repository/booking_repository.go:78.16,80.3 1 0
github.com/satriabagusi/campo-sport/internal/repository/booking_repository.go:81.2,85.16 3 0
github.com/satriabagusi/campo-sport/internal/repository/booking_repository.go:85.16,88.3 2 0
github.com/satriabagusi/campo-sport/internal/repository/booking_repository.go:89.2,92.16 4 0
github.com/satriabagusi/campo-sport/internal/repository/booking_repository.go:92.16,94.3 1 0
github.com/satriabagusi/campo-sport/internal/repository/booking_repository.go:96.2,102.32 5 0
github.com/satriabagusi/campo-sport/internal/repository/booking_repository.go:102.32,104.17 2 0
github.com/satriabagusi/campo-sport/internal/repository/booking_repository.go:104.17,107.4 2 0
github.com/satriabagusi/campo-sport/internal/repository/booking_repository.go:108.3,111.17 4 0
github.com/satriabagusi/campo-sport/internal/repository/booking_repository.go:111.17,113.4 1 0
github.com/satriabagusi/campo-sport/internal/repository/booking_repository.go:115.3,115.90 1 0
github.com/satriabagusi/campo-sport/internal/repository/booking_repository.go:118.2,118.38 1 0
github.com/satriabagusi/campo-sport/internal/repository/booking_repository.go:118.38,132.3 3 0
github.com/satriabagusi/campo-sport/internal/repository/booking_repository.go:133.2,137.16 3 0
github.com/satriabagusi/campo-sport/internal/repository/booking_repository.go:137.16,142.3 4 0
github.com/satriabagusi/campo-sport/internal/repository/booking_repository.go:144.2,145.16 2 0
github.com/satriabagusi/campo-sport/internal/repository/booking_repository.go:145.16,148.3 1 0
github.com/satriabagusi/campo-sport/internal/repository/booking_repository.go:149.2,152.16 3 0
github.com/satriabagusi/campo-sport/internal/repository/booking_repository.go:152.16,155.3 2 0
github.com/satriabagusi/campo-sport/internal/repository/booking_repository.go:157.2,157.24 1 0
github.com/satriabagusi/campo-sport/internal/repository/booking_repository.go:160.98,179.16 5 0
github.com/satriabagusi/campo-sport/internal/repository/booking_repository.go:179.16,181.3 1 0
github.com/satriabagusi/campo-sport/internal/repository/booking_repository.go:183.2,189.16 6 0
github.com/satriabagusi/campo-sport/internal/repository/booking_repository.go:189.16,191.3 1 0
github.com/satriabagusi/campo-sport/internal/repository/booking_repository.go:193.2,193.22 1 0
github.com/satriabagusi/campo-sport/internal/repository/booking_repository.go:196.101,201.16 3 0
github.com/satriabagusi/campo-sport/internal/repository/booking_repository.go:201.16,203.3 1 0
github.com/satriabagusi/campo-sport/internal/repository/booking_repository.go:205.2,213.27 8 0
github.com/satriabagusi/campo-sport/internal/repository/booking_repository.go:213.27,214.52 1 0
github.com/satriabagusi/campo-sport/internal/repository/booking_repository.go:214.52,216.18 2 0
github.com/satriabagusi/campo-sport/internal/repository/booking_repository.go:216.18,219.5 2 0
github.com/satriabagusi/campo-sport/internal/repository/booking_repository.go:220.4,223.18 4 0
github.com/satriabagusi/campo-sport/internal/repository/booking_repository.go:223.18,226.5 2 0
github.com/satriabagusi/campo-sport/internal/repository/booking_repository.go:228.4,229.18 2 0
github.com/satriabagusi/campo-sport/internal/repository/booking_repository.go:229.18,232.5 1 0
github.com/satriabagusi/campo-sport/internal/repository/booking_repository.go:233.4,236.18 3 0
github.com/satriabagusi/campo-sport/internal/repository/booking_repository.go:236.18,239.5 2 0
github.com/satriabagusi/campo-sport/internal/repository/booking_repository.go:240.9,240.62 1 0
github.com/satriabagusi/campo-sport/internal/repository/booking_repository.go:240.62,243.18 3 0
github.com/satriabagusi/campo-sport/internal/repository/booking_repository.go:243.18,246.5 2 0
github.com/satriabagusi/campo-sport/internal/repository/booking_repository.go:247.4,250.18 4 0
github.com/satriabagusi/campo-sport/internal/repository/booking_repository.go:250.18,253.5 2 0
github.com/satriabagusi/campo-sport/internal/repository/booking_repository.go:255.4,256.18 2 0
github.com/satriabagusi/campo-sport/internal/repository/booking_repository.go:256.18,258.5 1 0
github.com/satriabagusi/campo-sport/internal/repository/booking_repository.go:259.4,264.18 4 0
github.com/satriabagusi/campo-sport/internal/repository/booking_repository.go:264.18,267.5 2 0
github.com/satriabagusi/campo-sport/internal/repository/booking_repository.go:268.9,268.106 1 0
github.com/satriabagusi/campo-sport/internal/repository/booking_repository.go:268.106,270.18 2 0
github.com/satriabagusi/campo-sport/internal/repository/booking_repository.go:270.18,273.5 2 0
github.com/satriabagusi/campo-sport/internal/repository/booking_repository.go:274.4,277.18 4 0
github.com/satriabagusi/campo-sport/internal/repository/booking_repository.go:277.18,280.5 2 0
github.com/satriabagusi/campo-sport/internal/repository/booking_repository.go:282.4,283.18 2 0
github.com/satriabagusi/campo-sport/internal/repository/booking_repository.go:283.18,285.5 1 0
github.com/satriabagusi/campo-sport/internal/repository/booking_repository.go:286.4,289.18 3 0
github.com/satriabagusi/campo-sport/internal/repository/booking_repository.go:289.18,292.5 2 0
github.com/satriabagusi/campo-sport/internal/repository/booking_repository.go:296.2,296.22 1 0
github.com/satriabagusi/campo-sport/internal/repository/booking_repository.go:299.88,318.16 5 0
github.com/satriabagusi/campo-sport/internal/repository/booking_repository.go:318.16,320.3 1 0
github.com/satriabagusi/campo-sport/internal/repository/booking_repository.go:322.2,328.16 6 0
github.com/satriabagusi/campo-sport/internal/repository/booking_repository.go:328.16,331.3 2 0
github.com/satriabagusi/campo-sport/internal/repository/booking_repository.go:333.2,333.62 1 0
github.com/satriabagusi/campo-sport/internal/repository/booking_repository.go:333.62,337.17 3 0
github.com/satriabagusi/campo-sport/internal/repository/booking_repository.go:337.17,340.4 2 0
github.com/satriabagusi/campo-sport/internal/repository/booking_repository.go:342.3,350.76 8 0
github.com/satriabagusi/campo-sport/internal/repository/booking_repository.go:350.76,354.18 3 0
github.com/satriabagusi/campo-sport/internal/repository/booking_repository.go:354.18,357.5 2 0
github.com/satriabagusi/campo-sport/internal/repository/booking_repository.go:358.4,361.18 4 0
github.com/satriabagusi/campo-sport/internal/repository/booking_repository.go:361.18,364.5 2 0
github.com/satriabagusi/campo-sport/internal/repository/booking_repository.go:366.4,367.18 2 0
github.com/satriabagusi/campo-sport/internal/repository/booking_repository.go:367.18,369.5 1 0
github.com/satriabagusi/campo-sport/internal/repository/booking_repository.go:370.4,373.18 3 0
github.com/satriabagusi/campo-sport/internal/repository/booking_repository.go:373.18,376.5 2 0
github.com/satriabagusi/campo-sport/internal/repository/booking_repository.go:378.8,380.3 1 0
github.com/satriabagusi/campo-sport/internal/repository/booking_repository.go:382.2,382.22 1 0
github.com/satriabagusi/campo-sport/internal/repository/court_repository.go:23.53,25.2 1 1
github.com/satriabagusi/campo-sport/internal/repository/court_repository.go:26.80,28.16 2 1
github.com/satriabagusi/campo-sport/internal/repository/court_repository.go:28.16,30.3 1 1
github.com/satriabagusi/campo-sport/internal/repository/court_repository.go:31.2,35.16 4 0
github.com/satriabagusi/campo-sport/internal/repository/court_repository.go:35.16,37.3 1 0
github.com/satriabagusi/campo-sport/internal/repository/court_repository.go:39.2,48.22 3 0
github.com/satriabagusi/campo-sport/internal/repository/court_repository.go:52.87,54.16 2 0
github.com/satriabagusi/campo-sport/internal/repository/court_repository.go:54.16,56.3 1 0
github.com/satriabagusi/campo-sport/internal/repository/court_repository.go:57.2,60.16 3 0
github.com/satriabagusi/campo-sport/internal/repository/court_repository.go:60.16,62.3 1 0
github.com/satriabagusi/campo-sport/internal/repository/court_repository.go:64.2,70.22 2 0
github.com/satriabagusi/campo-sport/internal/repository/court_repository.go:73.67,75.16 2 0
github.com/satriabagusi/campo-sport/internal/repository/court_repository.go:75.16,77.3 1 0
github.com/satriabagusi/campo-sport/internal/repository/court_repository.go:78.2,81.16 3 0
github.com/satriabagusi/campo-sport/internal/repository/court_repository.go:81.16,83.3 1 0
github.com/satriabagusi/campo-sport/internal/repository/court_repository.go:85.2,85.12 1 0
github.com/satriabagusi/campo-sport/internal/repository/court_repository.go:88.69,91.16 3 0
github.com/satriabagusi/campo-sport/internal/repository/court_repository.go:91.16,93.3 1 0
github.com/satriabagusi/campo-sport/internal/repository/court_repository.go:95.2,98.16 4 0
github.com/satriabagusi/campo-sport/internal/repository/court_repository.go:98.16,100.3 1 0
github.com/satriabagusi/campo-sport/internal/repository/court_repository.go:101.2,101.20 1 0
github.com/satriabagusi/campo-sport/internal/repository/court_repository.go:104.82,107.16 3 0
github.com/satriabagusi/campo-sport/internal/repository/court_repository.go:107.16,109.3 1 0
github.com/satriabagusi/campo-sport/internal/repository/court_repository.go:110.2,114.16 4 0
github.com/satriabagusi/campo-sport/internal/repository/court_repository.go:114.16,116.3 1 0
github.com/satriabagusi/campo-sport/internal/repository/court_repository.go:118.2,118.20 1 0
github.com/satriabagusi/campo-sport/internal/repository/court_repository.go:121.66,125.16 3 1
github.com/satriabagusi/campo-sport/internal/repository/court_repository.go:125.16,127.3 1 0
github.com/satriabagusi/campo-sport/internal/repository/court_repository.go:129.2,131.18 2 1
github.com/satriabagusi/campo-sport/internal/repository/court_repository.go:131.18,134.17 3 1
github.com/satriabagusi/campo-sport/internal/repository/court_repository.go:134.17,136.4 1 0
github.com/satriabagusi/campo-sport/internal/repository/court_repository.go:137.3,137.33 1 1
github.com/satriabagusi/campo-sport/internal/repository/court_repository.go:140.2,140.20 1 1
github.com/satriabagusi/campo-sport/internal/repository/user_detail_repository.go:22.63,24.2 1 0
github.com/satriabagusi/campo-sport/internal/repository/user_detail_repository.go:25.83,32.16 3 0
github.com/satriabagusi/campo-sport/internal/repository/user_detail_repository.go:32.16,34.3 1 0
github.com/satriabagusi/campo-sport/internal/repository/user_detail_repository.go:35.2,35.12 1 0
github.com/satriabagusi/campo-sport/internal/repository/user_detail_repository.go:39.108,41.16 2 0
github.com/satriabagusi/campo-sport/internal/repository/user_detail_repository.go:41.16,43.3 1 0
github.com/satriabagusi/campo-sport/internal/repository/user_detail_repository.go:44.2,47.16 3 0
github.com/satriabagusi/campo-sport/internal/repository/user_detail_repository.go:47.16,49.3 1 0
github.com/satriabagusi/campo-sport/internal/repository/user_detail_repository.go:51.2,51.28 1 0
github.com/satriabagusi/campo-sport/internal/repository/user_detail_repository.go:54.80,58.2 2 0
github.com/satriabagusi/campo-sport/internal/repository/user_repository.go:30.51,32.2 1 1
github.com/satriabagusi/campo-sport/internal/repository/user_repository.go:34.72,36.16 2 1
github.com/satriabagusi/campo-sport/internal/repository/user_repository.go:36.16,38.3 1 1
github.com/satriabagusi/campo-sport/internal/repository/user_repository.go:39.2,42.16 3 0
github.com/satriabagusi/campo-sport/internal/repository/user_repository.go:42.16,44.3 1 0
github.com/satriabagusi/campo-sport/internal/repository/user_repository.go:46.2,52.21 2 0
github.com/satriabagusi/campo-sport/internal/repository/user_repository.go:55.94,62.16 3 0
github.com/satriabagusi/campo-sport/internal/repository/user_repository.go:62.16,64.3 1 0
github.com/satriabagusi/campo-sport/internal/repository/user_repository.go:65.2,69.16 4 0
github.com/satriabagusi/campo-sport/internal/repository/user_repository.go:69.16,71.3 1 0
github.com/satriabagusi/campo-sport/internal/repository/user_repository.go:72.2,72.19 1 0
github.com/satriabagusi/campo-sport/internal/repository/user_repository.go:74.89,79.16 3 0
github.com/satriabagusi/campo-sport/internal/repository/user_repository.go:79.16,81.3 1 0
github.com/satriabagusi/campo-sport/internal/repository/user_repository.go:82.2,86.16 4 0
github.com/satriabagusi/campo-sport/internal/repository/user_repository.go:86.16,88.3 1 0
github.com/satriabagusi/campo-sport/internal/repository/user_repository.go:89.2,89.19 1 0
github.com/satriabagusi/campo-sport/internal/repository/user_repository.go:91.62,93.16 2 0
github.com/satriabagusi/campo-sport/internal/repository/user_repository.go:93.16,95.3 1 0
github.com/satriabagusi/campo-sport/internal/repository/user_repository.go:96.2,99.16 3 0
github.com/satriabagusi/campo-sport/internal/repository/user_repository.go:99.16,101.3 1 0
github.com/satriabagusi/campo-sport/internal/repository/user_repository.go:103.2,103.12 1 0
github.com/satriabagusi/campo-sport/internal/repository/user_repository.go:106.73,111.16 3 0
github.com/satriabagusi/campo-sport/internal/repository/user_repository.go:111.16,113.3 1 0
github.com/satriabagusi/campo-sport/internal/repository/user_repository.go:114.2,118.16 5 0
github.com/satriabagusi/campo-sport/internal/repository/user_repository.go:118.16,120.3 1 0
github.com/satriabagusi/campo-sport/internal/repository/user_repository.go:121.2,121.19 1 0
github.com/satriabagusi/campo-sport/internal/repository/user_repository.go:124.88,128.16 3 0
github.com/satriabagusi/campo-sport/internal/repository/user_repository.go:128.16,130.3 1 0
github.com/satriabagusi/campo-sport/internal/repository/user_repository.go:131.2,134.16 4 0
github.com/satriabagusi/campo-sport/internal/repository/user_repository.go:134.16,136.3 1 0
github.com/satriabagusi/campo-sport/internal/repository/user_repository.go:137.2,137.19 1 0
github.com/satriabagusi/campo-sport/internal/repository/user_repository.go:140.66,143.16 3 1
github.com/satriabagusi/campo-sport/internal/repository/user_repository.go:143.16,145.3 1 0
github.com/satriabagusi/campo-sport/internal/repository/user_repository.go:147.2,149.18 2 1
github.com/satriabagusi/campo-sport/internal/repository/user_repository.go:149.18,152.17 3 1
github.com/satriabagusi/campo-sport/internal/repository/user_repository.go:152.17,154.4 1 0
github.com/satriabagusi/campo-sport/internal/repository/user_repository.go:155.3,155.30 1 1
github.com/satriabagusi/campo-sport/internal/repository/user_repository.go:158.2,158.19 1 1
github.com/satriabagusi/campo-sport/internal/repository/user_repository.go:161.105,163.16 2 0
github.com/satriabagusi/campo-sport/internal/repository/user_repository.go:163.16,165.3 1 0
github.com/satriabagusi/campo-sport/internal/repository/user_repository.go:166.2,169.16 3 0
github.com/satriabagusi/campo-sport/internal/repository/user_repository.go:169.16,171.3 1 0
github.com/satriabagusi/campo-sport/internal/repository/user_repository.go:172.2,172.25 1 0
github.com/satriabagusi/campo-sport/internal/repository/user_repository.go:175.112,177.16 2 0
github.com/satriabagusi/campo-sport/internal/repository/user_repository.go:177.16,179.3 1 0
github.com/satriabagusi/campo-sport/internal/repository/user_repository.go:180.2,183.16 3 0
github.com/satriabagusi/campo-sport/internal/repository/user_repository.go:183.16,185.3 1 0
github.com/satriabagusi/campo-sport/internal/repository/user_repository.go:186.2,186.26 1 0
github.com/satriabagusi/campo-sport/internal/repository/user_repository.go:189.76,195.16 3 0
github.com/satriabagusi/campo-sport/internal/repository/user_repository.go:195.16,197.3 1 0
github.com/satriabagusi/campo-sport/internal/repository/user_repository.go:199.2,201.18 2 0
github.com/satriabagusi/campo-sport/internal/repository/user_repository.go:201.18,204.17 3 0
github.com/satriabagusi/campo-sport/internal/repository/user_repository.go:204.17,206.4 1 0
github.com/satriabagusi/campo-sport/internal/repository/user_repository.go:207.3,207.30 1 0
github.com/satriabagusi/campo-sport/internal/repository/user_repository.go:210.2,210.19 1 0
github.com/satriabagusi/campo-sport/internal/repository/user_repository.go:213.77,218.16 3 0
github.com/satriabagusi/campo-sport/internal/repository/user_repository.go:218.16,220.3 1 0
github.com/satriabagusi/campo-sport/internal/repository/user_repository.go:221.2,225.16 5 0
github.com/satriabagusi/campo-sport/internal/repository/user_repository.go:225.16,227.3 1 0
github.com/satriabagusi/campo-sport/internal/repository/user_repository.go:228.2,228.18 1 0
github.com/satriabagusi/campo-sport/internal/repository/user_top_up_repository.go:32.61,34.2 1 0
github.com/satriabagusi/campo-sport/internal/repository/user_top_up_repository.go:36.99,45.16 4 0
github.com/satriabagusi/campo-sport/internal/repository/user_top_up_repository.go:45.16,47.3 1 0
github.com/satriabagusi/campo-sport/internal/repository/user_top_up_repository.go:48.2,55.30 5 0
github.com/satriabagusi/campo-sport/internal/repository/user_top_up_repository.go:55.30,58.3 2 0
github.com/satriabagusi/campo-sport/internal/repository/user_top_up_repository.go:60.2,62.34 2 0
github.com/satriabagusi/campo-sport/internal/repository/user_top_up_repository.go:62.34,66.3 3 0
github.com/satriabagusi/campo-sport/internal/repository/user_top_up_repository.go:68.2,70.21 2 0
github.com/satriabagusi/campo-sport/internal/repository/user_top_up_repository.go:70.21,73.3 2 0
github.com/satriabagusi/campo-sport/internal/repository/user_top_up_repository.go:75.2,75.38 1 0
github.com/satriabagusi/campo-sport/internal/repository/user_top_up_repository.go:75.38,93.17 5 0
github.com/satriabagusi/campo-sport/internal/repository/user_top_up_repository.go:93.17,96.4 2 0
github.com/satriabagusi/campo-sport/internal/repository/user_top_up_repository.go:99.2,99.22 1 0
github.com/satriabagusi/campo-sport/internal/repository/user_top_up_repository.go:102.92,113.16 4 0
github.com/satriabagusi/campo-sport/internal/repository/user_top_up_repository.go:113.16,115.3 1 0
github.com/satriabagusi/campo-sport/internal/repository/user_top_up_repository.go:116.2,119.16 4 0
github.com/satriabagusi/campo-sport/internal/repository/user_top_up_repository.go:119.16,122.3 2 0
github.com/satriabagusi/campo-sport/internal/repository/user_top_up_repository.go:124.2,125.17 2 0
github.com/satriabagusi/campo-sport/internal/repository/user_top_up_repository.go:125.17,128.3 2 0
github.com/satriabagusi/campo-sport/internal/repository/user_top_up_repository.go:130.2,130.27 1 0
github.com/satriabagusi/campo-sport/internal/repository/user_top_up_repository.go:130.27,140.55 9 0
github.com/satriabagusi/campo-sport/internal/repository/user_top_up_repository.go:140.55,147.29 4 0
github.com/satriabagusi/campo-sport/internal/repository/user_top_up_repository.go:147.29,150.5 2 0
github.com/satriabagusi/campo-sport/internal/repository/user_top_up_repository.go:152.4,155.43 3 0
github.com/satriabagusi/campo-sport/internal/repository/user_top_up_repository.go:155.43,157.5 1 0
github.com/satriabagusi/campo-sport/internal/repository/user_top_up_repository.go:157.10,159.5 1 0
github.com/satriabagusi/campo-sport/internal/repository/user_top_up_repository.go:161.4,165.18 4 0
github.com/satriabagusi/campo-sport/internal/repository/user_top_up_repository.go:165.18,167.5 1 0
github.com/satriabagusi/campo-sport/internal/repository/user_top_up_repository.go:168.4,172.18 3 0
github.com/satriabagusi/campo-sport/internal/repository/user_top_up_repository.go:172.18,175.5 2 0
github.com/satriabagusi/campo-sport/internal/repository/user_top_up_repository.go:177.4,179.18 3 0
github.com/satriabagusi/campo-sport/internal/repository/user_top_up_repository.go:179.18,182.5 2 0
github.com/satriabagusi/campo-sport/internal/repository/user_top_up_repository.go:183.4,186.18 4 0
github.com/satriabagusi/campo-sport/internal/repository/user_top_up_repository.go:186.18,189.5 2 0
github.com/satriabagusi/campo-sport/internal/repository/user_top_up_repository.go:191.4,192.18 2 0
github.com/satriabagusi/campo-sport/internal/repository/user_top_up_repository.go:192.18,194.5 1 0
github.com/satriabagusi/campo-sport/internal/repository/user_top_up_repository.go:195.4,200.18 4 0
github.com/satriabagusi/campo-sport/internal/repository/user_top_up_repository.go:200.18,203.5 2 0
github.com/satriabagusi/campo-sport/internal/repository/user_top_up_repository.go:205.9,205.106 1 0
github.com/satriabagusi/campo-sport/internal/repository/user_top_up_repository.go:205.106,208.18 3 0
github.com/satriabagusi/campo-sport/internal/repository/user_top_up_repository.go:208.18,211.5 2 0
github.com/satriabagusi/campo-sport/internal/repository/user_top_up_repository.go:212.4,215.18 4 0
github.com/satriabagusi/campo-sport/internal/repository/user_top_up_repository.go:215.18,218.5 2 0
github.com/satriabagusi/campo-sport/internal/repository/user_top_up_repository.go:220.4,221.18 2 0
github.com/satriabagusi/campo-sport/internal/repository/user_top_up_repository.go:221.18,223.5 1 0
github.com/satriabagusi/campo-sport/internal/repository/user_top_up_repository.go:224.4,227.18 3 0
github.com/satriabagusi/campo-sport/internal/repository/user_top_up_repository.go:227.18,230.5 2 0
github.com/satriabagusi/campo-sport/internal/repository/user_top_up_repository.go:234.2,234.25 1 0
github.com/satriabagusi/campo-sport/internal/repository/voucher_repository.go:23.57,25.2 1 1
github.com/satriabagusi/campo-sport/internal/repository/voucher_repository.go:26.93,28.16 2 1
github.com/satriabagusi/campo-sport/internal/repository/voucher_repository.go:28.16,30.3 1 0
github.com/satriabagusi/campo-sport/internal/repository/voucher_repository.go:31.2,35.16 4 1
github.com/satriabagusi/campo-sport/internal/repository/voucher_repository.go:35.16,37.3 1 0
github.com/satriabagusi/campo-sport/internal/repository/voucher_repository.go:39.2,40.21 2 1
github.com/satriabagusi/campo-sport/internal/repository/voucher_repository.go:43.99,46.16 2 0
github.com/satriabagusi/campo-sport/internal/repository/voucher_repository.go:46.16,48.3 1 0
github.com/satriabagusi/campo-sport/internal/repository/voucher_repository.go:49.2,52.16 3 0
github.com/satriabagusi/campo-sport/internal/repository/voucher_repository.go:52.16,54.3 1 0
github.com/satriabagusi/campo-sport/internal/repository/voucher_repository.go:55.2,55.21 1 0
github.com/satriabagusi/campo-sport/internal/repository/voucher_repository.go:59.74,61.16 2 0
github.com/satriabagusi/campo-sport/internal/repository/voucher_repository.go:61.16,63.3 1 0
github.com/satriabagusi/campo-sport/internal/repository/voucher_repository.go:64.2,67.16 3 0
github.com/satriabagusi/campo-sport/internal/repository/voucher_repository.go:67.16,69.3 1 0
github.com/satriabagusi/campo-sport/internal/repository/voucher_repository.go:71.2,71.12 1 0
github.com/satriabagusi/campo-sport/internal/repository/voucher_repository.go:73.78,76.16 3 0
github.com/satriabagusi/campo-sport/internal/repository/voucher_repository.go:76.16,78.3 1 0
github.com/satriabagusi/campo-sport/internal/repository/voucher_repository.go:80.2,83.16 4 0
github.com/satriabagusi/campo-sport/internal/repository/voucher_repository.go:83.16,85.3 1 0
github.com/satriabagusi/campo-sport/internal/repository/voucher_repository.go:86.2,86.22 1 0
github.com/satriabagusi/campo-sport/internal/repository/voucher_repository.go:88.92,91.16 3 0
github.com/satriabagusi/campo-sport/internal/repository/voucher_repository.go:91.16,93.3 1 0
github.com/satriabagusi/campo-sport/internal/repository/voucher_repository.go:94.2,98.16 4 0
github.com/satriabagusi/campo-sport/internal/repository/voucher_repository.go:98.16,100.3 1 0
github.com/satriabagusi/campo-sport/internal/repository/voucher_repository.go:102.2,102.22 1 0
github.com/satriabagusi/campo-sport/internal/repository/voucher_repository.go:105.71,108.16 3 1
github.com/satriabagusi/campo-sport/internal/repository/voucher_repository.go:108.16,110.3 1 0
github.com/satriabagusi/campo-sport/internal/repository/voucher_repository.go:112.2,114.18 2 1
github.com/satriabagusi/campo-sport/internal/repository/voucher_repository.go:114.18,117.17 3 1
github.com/satriabagusi/campo-sport/internal/repository/voucher_repository.go:117.17,119.4 1 0
github.com/satriabagusi/campo-sport/internal/repository/voucher_repository.go:120.3,120.39 1 1
github.com/satriabagusi/campo-sport/internal/repository/voucher_repository.go:123.2,123.22 1 1
